[debug] [2020-11-22T05:43:04.846Z] ----------------------------------------------------------------------
[debug] [2020-11-22T05:43:04.848Z] Command:       C:\Program Files (x86)\nodejs\node.exe C:\Users\admin\AppData\Roaming\npm\node_modules\firebase-tools\lib\bin\firebase.js init
[debug] [2020-11-22T05:43:04.849Z] CLI Version:   8.16.2
[debug] [2020-11-22T05:43:04.849Z] Platform:      win32
[debug] [2020-11-22T05:43:04.849Z] Node Version:  v14.4.0
[debug] [2020-11-22T05:43:04.849Z] Time:          Sun Nov 22 2020 11:13:04 GMT+0530 (India Standard Time)
[debug] [2020-11-22T05:43:04.850Z] ----------------------------------------------------------------------
[debug] [2020-11-22T05:43:04.850Z] 
[debug] [2020-11-22T05:43:04.856Z] > command requires scopes: ["email","openid","https://www.googleapis.com/auth/cloudplatformprojects.readonly","https://www.googleapis.com/auth/firebase","https://www.googleapis.com/auth/cloud-platform"]
[debug] [2020-11-22T05:43:04.856Z] > authorizing via signed-in user
[info] 
     ######## #### ########  ######## ########     ###     ######  ########
     ##        ##  ##     ## ##       ##     ##  ##   ##  ##       ##
     ######    ##  ########  ######   ########  #########  ######  ######
     ##        ##  ##    ##  ##       ##     ## ##     ##       ## ##
     ##       #### ##     ## ######## ########  ##     ##  ######  ########

You're about to initialize a Firebase project in this directory:

  C:\Users\admin\Desktop\Resources-2020\monopoly-deluxe-edition-online

[info] 
=== Project Setup
[info] 
[info] First, let's associate this project directory with a Firebase project.
[info] You can create multiple project aliases by running firebase use --add, 
[info] but for now we'll just set up a default project.
[info] 
